ISim log file
Running: H:/hwprak/task_3/task_3.sim/sim_1/behav/testeverything_tb.exe -intstyle pa -gui -tclbatch isim.cmd -wdb testeverything_tb.wdb 
ISim P.68d (signature 0x7708f090)
----------------------------------------------------------------------
INFO:Security:50 - The XILINXD_LICENSE_FILE environment variable is set to 'C:\Xilinx\Xilinx.lic;2100@flexi.ti6.tu-harburg.de'.
INFO:Security:53 - The LM_LICENSE_FILE environment variable is not set.
WARNING:Security:43 - No license file was found in the standard Xilinx license directory.
WARNING:Security:44 - Since no license file was found,
       please run the Xilinx License Configuration Manager
       (xlcm or "Manage Xilinx Licenses")
       to assist in obtaining a license.
WARNING:Security:42 - Your software subscription period has lapsed. Your current version of Xilinx tools will continue to function, but you no longer qualify for Xilinx software updates or new releases.


----------------------------------------------------------------------
This is a Full version of ISim.
Time resolution is 1 ps
# onerror resume
# wave add /
# run 1000ns
Simulator is doing circuit initialization process.
at 0 ps, Instance /testeverything_tb/united/pwm/ : Warning: NUMERIC_STD.">": metavalue detected, returning FALSE
at 0 ps, Instance /testeverything_tb/united/i2c/ : Warning: NUMERIC_STD."=": metavalue detected, returning FALSE
Finished circuit initialization process.
# restart
# run all
Simulator is doing circuit initialization process.
at 0 ps, Instance /testeverything_tb/united/pwm/ : Warning: NUMERIC_STD.">": metavalue detected, returning FALSE
at 0 ps, Instance /testeverything_tb/united/i2c/ : Warning: NUMERIC_STD."=": metavalue detected, returning FALSE
Finished circuit initialization process.
Stopped at time : 10949791275 ps : File "//nap.rz.tu-harburg.de/fs2$/19/sils1297/windows/hwprak/task_3/task_3.srcs/sources_1/new/PWM.vhd" Line 28
ISim P.68d (signature 0x7708f090)
----------------------------------------------------------------------
INFO:Security:50 - The XILINXD_LICENSE_FILE environment variable is set to 'C:\Xilinx\Xilinx.lic;2100@flexi.ti6.tu-harburg.de'.
INFO:Security:53 - The LM_LICENSE_FILE environment variable is not set.
WARNING:Security:43 - No license file was found in the standard Xilinx license directory.
WARNING:Security:44 - Since no license file was found,
       please run the Xilinx License Configuration Manager
       (xlcm or "Manage Xilinx Licenses")
       to assist in obtaining a license.
WARNING:Security:42 - Your software subscription period has lapsed. Your current version of Xilinx tools will continue to function, but you no longer qualify for Xilinx software updates or new releases.


----------------------------------------------------------------------
This is a Full version of ISim.
# run 1000ns
Simulator is doing circuit initialization process.
at 0 ps, Instance /testeverything_tb/united/pwm/ : Warning: NUMERIC_STD.">": metavalue detected, returning FALSE
at 0 ps, Instance /testeverything_tb/united/i2c/ : Warning: NUMERIC_STD."=": metavalue detected, returning FALSE
Finished circuit initialization process.
# restart
# run all
Simulator is doing circuit initialization process.
at 0 ps, Instance /testeverything_tb/united/pwm/ : Warning: NUMERIC_STD.">": metavalue detected, returning FALSE
at 0 ps, Instance /testeverything_tb/united/i2c/ : Warning: NUMERIC_STD."=": metavalue detected, returning FALSE
Finished circuit initialization process.
Stopped at time : 23961747525 ps : File "//nap.rz.tu-harburg.de/fs2$/19/sils1297/windows/hwprak/task_3/task_3.srcs/sources_1/new/i2c_master_bit_ctrl.vhd" Line 237
